{"contracts\\mocks\\MockERC20.sol":{"l":{"8":23},"path":"C:\\Users\\SRISUCHA\\Documents\\token-vault-uups\\contracts\\mocks\\MockERC20.sol","s":{"1":23},"b":{},"f":{"1":23},"fnMap":{"1":{"name":"constructor","line":7,"loc":{"start":{"line":7,"column":4},"end":{"line":9,"column":4}}}},"statementMap":{"1":{"start":{"line":8,"column":8},"end":{"line":8,"column":41}}},"branchMap":{}},"contracts\\TokenVaultV1.sol":{"l":{"24":23,"25":23,"27":23,"29":23,"31":23,"32":23,"43":16,"45":16,"46":16,"48":16,"49":16,"51":16,"56":2,"57":2,"59":1,"60":1,"62":1,"66":7,"70":7,"74":1,"78":1,"84":4},"path":"C:\\Users\\SRISUCHA\\Documents\\token-vault-uups\\contracts\\TokenVaultV1.sol","s":{"1":23,"2":23,"3":23,"4":23,"5":16,"6":16,"7":16,"8":16,"9":2,"10":2,"11":1,"12":7,"13":7,"14":1,"15":1,"16":4},"b":{"1":[23,2],"2":[20,1],"3":[16,0],"4":[2,0],"5":[1,1]},"f":{"1":23,"2":20,"3":16,"4":2,"5":7,"6":7,"7":1,"8":1,"9":4},"fnMap":{"1":{"name":"initialize","line":23,"loc":{"start":{"line":19,"column":4},"end":{"line":33,"column":4}}},"2":{"name":"_authorizeUpgrade","line":38,"loc":{"start":{"line":35,"column":8},"end":{"line":39,"column":5}}},"3":{"name":"deposit","line":41,"loc":{"start":{"line":41,"column":8},"end":{"line":52,"column":4}}},"4":{"name":"withdraw","line":55,"loc":{"start":{"line":55,"column":4},"end":{"line":63,"column":4}}},"5":{"name":"balanceOf","line":65,"loc":{"start":{"line":65,"column":4},"end":{"line":67,"column":4}}},"6":{"name":"totalDeposits","line":69,"loc":{"start":{"line":69,"column":4},"end":{"line":71,"column":4}}},"7":{"name":"getDepositFee","line":73,"loc":{"start":{"line":73,"column":4},"end":{"line":75,"column":4}}},"8":{"name":"getImplementationVersion","line":77,"loc":{"start":{"line":77,"column":4},"end":{"line":79,"column":4}}},"9":{"name":"constructor","line":83,"loc":{"start":{"line":83,"column":4},"end":{"line":85,"column":4}}}},"statementMap":{"1":{"start":{"line":24,"column":8},"end":{"line":24,"column":29}},"2":{"start":{"line":25,"column":8},"end":{"line":25,"column":31}},"3":{"start":{"line":31,"column":8},"end":{"line":31,"column":45}},"4":{"start":{"line":32,"column":8},"end":{"line":32,"column":40}},"5":{"start":{"line":43,"column":8},"end":{"line":43,"column":48}},"6":{"start":{"line":45,"column":8},"end":{"line":45,"column":51}},"7":{"start":{"line":46,"column":8},"end":{"line":46,"column":39}},"8":{"start":{"line":51,"column":8},"end":{"line":51,"column":60}},"9":{"start":{"line":56,"column":8},"end":{"line":56,"column":48}},"10":{"start":{"line":57,"column":8},"end":{"line":57,"column":70}},"11":{"start":{"line":62,"column":8},"end":{"line":62,"column":41}},"12":{"start":{"line":66,"column":8},"end":{"line":66,"column":29}},"13":{"start":{"line":70,"column":8},"end":{"line":70,"column":29}},"14":{"start":{"line":74,"column":8},"end":{"line":74,"column":25}},"15":{"start":{"line":78,"column":8},"end":{"line":78,"column":19}},"16":{"start":{"line":84,"column":8},"end":{"line":84,"column":29}}},"branchMap":{"1":{"line":23,"type":"if","locations":[{"start":{"line":23,"column":15},"end":{"line":23,"column":15}},{"start":{"line":23,"column":15},"end":{"line":23,"column":15}}]},"2":{"line":38,"type":"if","locations":[{"start":{"line":38,"column":8},"end":{"line":38,"column":8}},{"start":{"line":38,"column":8},"end":{"line":38,"column":8}}]},"3":{"line":43,"type":"if","locations":[{"start":{"line":43,"column":8},"end":{"line":43,"column":8}},{"start":{"line":43,"column":8},"end":{"line":43,"column":8}}]},"4":{"line":56,"type":"if","locations":[{"start":{"line":56,"column":8},"end":{"line":56,"column":8}},{"start":{"line":56,"column":8},"end":{"line":56,"column":8}}]},"5":{"line":57,"type":"if","locations":[{"start":{"line":57,"column":8},"end":{"line":57,"column":8}},{"start":{"line":57,"column":8},"end":{"line":57,"column":8}}]}}},"contracts\\TokenVaultV2.sol":{"l":{"13":0,"14":0,"17":9,"20":1,"24":1,"25":1,"26":1,"30":1,"31":1,"33":1,"34":0,"37":1,"40":0,"41":0,"43":0,"44":0,"45":0,"47":0,"50":0,"54":0,"58":0,"61":6,"68":2},"path":"C:\\Users\\SRISUCHA\\Documents\\token-vault-uups\\contracts\\TokenVaultV2.sol","s":{"1":0,"2":1,"3":1,"4":1,"5":1,"6":1,"7":1,"8":0,"9":1,"10":0,"11":0,"12":0,"13":0,"14":0,"15":0,"16":6,"17":2},"b":{"1":[0,0],"2":[9,1],"3":[1,0],"4":[0,1],"5":[0,0],"6":[0,0],"7":[0,0],"8":[0,0],"9":[6,0]},"f":{"1":0,"2":9,"3":1,"4":1,"5":0,"6":0,"7":0,"8":0,"9":6,"10":2},"fnMap":{"1":{"name":"initializeV2","line":12,"loc":{"start":{"line":12,"column":4},"end":{"line":15,"column":4}}},"2":{"name":"setYieldRate","line":16,"loc":{"start":{"line":16,"column":8},"end":{"line":18,"column":4}}},"3":{"name":"getYieldRate","line":19,"loc":{"start":{"line":19,"column":8},"end":{"line":21,"column":4}}},"4":{"name":"getUserYield","line":23,"loc":{"start":{"line":23,"column":8},"end":{"line":38,"column":4}}},"5":{"name":"claimYield","line":39,"loc":{"start":{"line":39,"column":4},"end":{"line":48,"column":4}}},"6":{"name":"pauseDeposits","line":49,"loc":{"start":{"line":49,"column":4},"end":{"line":51,"column":4}}},"7":{"name":"unpauseDeposits","line":53,"loc":{"start":{"line":53,"column":4},"end":{"line":55,"column":4}}},"8":{"name":"isDepositsPaused","line":57,"loc":{"start":{"line":57,"column":4},"end":{"line":59,"column":4}}},"9":{"name":"deposit","line":60,"loc":{"start":{"line":60,"column":4},"end":{"line":62,"column":0}}},"10":{"name":"constructor","line":67,"loc":{"start":{"line":67,"column":4},"end":{"line":69,"column":4}}}},"statementMap":{"1":{"start":{"line":13,"column":8},"end":{"line":13,"column":24}},"2":{"start":{"line":20,"column":8},"end":{"line":20,"column":24}},"3":{"start":{"line":24,"column":8},"end":{"line":24,"column":46}},"4":{"start":{"line":25,"column":0},"end":{"line":25,"column":846}},"5":{"start":{"line":30,"column":8},"end":{"line":30,"column":56}},"6":{"start":{"line":31,"column":8},"end":{"line":31,"column":44}},"7":{"start":{"line":33,"column":8},"end":{"line":33,"column":1036}},"8":{"start":{"line":34,"column":12},"end":{"line":34,"column":20}},"9":{"start":{"line":37,"column":8},"end":{"line":37,"column":75}},"10":{"start":{"line":40,"column":8},"end":{"line":40,"column":54}},"11":{"start":{"line":41,"column":8},"end":{"line":41,"column":52}},"12":{"start":{"line":47,"column":8},"end":{"line":47,"column":26}},"13":{"start":{"line":50,"column":8},"end":{"line":50,"column":15}},"14":{"start":{"line":54,"column":8},"end":{"line":54,"column":17}},"15":{"start":{"line":58,"column":8},"end":{"line":58,"column":23}},"16":{"start":{"line":61,"column":4},"end":{"line":61,"column":24}},"17":{"start":{"line":68,"column":8},"end":{"line":68,"column":29}}},"branchMap":{"1":{"line":12,"type":"if","locations":[{"start":{"line":12,"column":55},"end":{"line":12,"column":55}},{"start":{"line":12,"column":55},"end":{"line":12,"column":55}}]},"2":{"line":16,"type":"if","locations":[{"start":{"line":16,"column":59},"end":{"line":16,"column":59}},{"start":{"line":16,"column":59},"end":{"line":16,"column":59}}]},"3":{"line":25,"type":"if","locations":[{"start":{"line":25,"column":0},"end":{"line":25,"column":0}},{"start":{"line":25,"column":0},"end":{"line":25,"column":0}}]},"4":{"line":33,"type":"if","locations":[{"start":{"line":33,"column":8},"end":{"line":33,"column":8}},{"start":{"line":33,"column":8},"end":{"line":33,"column":8}}]},"5":{"line":33,"type":"cond-expr","locations":[{"start":{"line":33,"column":12},"end":{"line":33,"column":27}},{"start":{"line":33,"column":32},"end":{"line":33,"column":45}}]},"6":{"line":41,"type":"if","locations":[{"start":{"line":41,"column":8},"end":{"line":41,"column":8}},{"start":{"line":41,"column":8},"end":{"line":41,"column":8}}]},"7":{"line":49,"type":"if","locations":[{"start":{"line":49,"column":38},"end":{"line":49,"column":38}},{"start":{"line":49,"column":38},"end":{"line":49,"column":38}}]},"8":{"line":53,"type":"if","locations":[{"start":{"line":53,"column":40},"end":{"line":53,"column":40}},{"start":{"line":53,"column":40},"end":{"line":53,"column":40}}]},"9":{"line":60,"type":"if","locations":[{"start":{"line":60,"column":53},"end":{"line":60,"column":53}},{"start":{"line":60,"column":53},"end":{"line":60,"column":53}}]}}},"contracts\\TokenVaultV3.sol":{"l":{"21":0,"30":4,"34":1,"38":3,"39":3,"41":3,"48":2,"50":2,"51":2,"56":0,"58":0,"59":0,"61":0,"63":0,"71":1,"72":1,"78":1,"79":1,"81":1,"82":1,"84":1,"86":1,"87":1,"96":1},"path":"C:\\Users\\SRISUCHA\\Documents\\token-vault-uups\\contracts\\TokenVaultV3.sol","s":{"1":1,"2":3,"3":3,"4":2,"5":2,"6":2,"7":0,"8":0,"9":1,"10":1,"11":1,"12":1,"13":1,"14":1,"15":1},"b":{"1":[0,0],"2":[4,0],"3":[3,0],"4":[3,0],"5":[2,0],"6":[0,2],"7":[1,0]},"f":{"1":0,"2":4,"3":1,"4":3,"5":2,"6":1,"7":1,"8":1},"fnMap":{"1":{"name":"initializeV3","line":20,"loc":{"start":{"line":20,"column":4},"end":{"line":22,"column":4}}},"2":{"name":"setWithdrawalDelay","line":28,"loc":{"start":{"line":26,"column":4},"end":{"line":31,"column":4}}},"3":{"name":"getWithdrawalDelay","line":33,"loc":{"start":{"line":33,"column":4},"end":{"line":35,"column":4}}},"4":{"name":"requestWithdrawal","line":37,"loc":{"start":{"line":37,"column":4},"end":{"line":45,"column":4}}},"5":{"name":"executeWithdrawal","line":47,"loc":{"start":{"line":47,"column":4},"end":{"line":64,"column":4}}},"6":{"name":"getWithdrawalRequest","line":66,"loc":{"start":{"line":66,"column":4},"end":{"line":73,"column":4}}},"7":{"name":"emergencyWithdraw","line":77,"loc":{"start":{"line":77,"column":4},"end":{"line":88,"column":4}}},"8":{"name":"constructor","line":95,"loc":{"start":{"line":95,"column":4},"end":{"line":97,"column":4}}}},"statementMap":{"1":{"start":{"line":34,"column":8},"end":{"line":34,"column":30}},"2":{"start":{"line":38,"column":8},"end":{"line":38,"column":44}},"3":{"start":{"line":39,"column":8},"end":{"line":39,"column":70}},"4":{"start":{"line":48,"column":8},"end":{"line":48,"column":69}},"5":{"start":{"line":50,"column":8},"end":{"line":50,"column":52}},"6":{"start":{"line":51,"column":8},"end":{"line":51,"column":1487}},"7":{"start":{"line":61,"column":8},"end":{"line":61,"column":45}},"8":{"start":{"line":63,"column":8},"end":{"line":63,"column":25}},"9":{"start":{"line":71,"column":8},"end":{"line":71,"column":63}},"10":{"start":{"line":72,"column":8},"end":{"line":72,"column":44}},"11":{"start":{"line":78,"column":8},"end":{"line":78,"column":45}},"12":{"start":{"line":79,"column":8},"end":{"line":79,"column":49}},"13":{"start":{"line":86,"column":8},"end":{"line":86,"column":41}},"14":{"start":{"line":87,"column":8},"end":{"line":87,"column":21}},"15":{"start":{"line":96,"column":8},"end":{"line":96,"column":29}}},"branchMap":{"1":{"line":20,"type":"if","locations":[{"start":{"line":20,"column":58},"end":{"line":20,"column":58}},{"start":{"line":20,"column":58},"end":{"line":20,"column":58}}]},"2":{"line":28,"type":"if","locations":[{"start":{"line":28,"column":8},"end":{"line":28,"column":8}},{"start":{"line":28,"column":8},"end":{"line":28,"column":8}}]},"3":{"line":38,"type":"if","locations":[{"start":{"line":38,"column":8},"end":{"line":38,"column":8}},{"start":{"line":38,"column":8},"end":{"line":38,"column":8}}]},"4":{"line":39,"type":"if","locations":[{"start":{"line":39,"column":8},"end":{"line":39,"column":8}},{"start":{"line":39,"column":8},"end":{"line":39,"column":8}}]},"5":{"line":50,"type":"if","locations":[{"start":{"line":50,"column":8},"end":{"line":50,"column":8}},{"start":{"line":50,"column":8},"end":{"line":50,"column":8}}]},"6":{"line":51,"type":"if","locations":[{"start":{"line":51,"column":8},"end":{"line":51,"column":8}},{"start":{"line":51,"column":8},"end":{"line":51,"column":8}}]},"7":{"line":79,"type":"if","locations":[{"start":{"line":79,"column":8},"end":{"line":79,"column":8}},{"start":{"line":79,"column":8},"end":{"line":79,"column":8}}]}}}}